<?xml version="1.0" encoding="UTF-8"?>
<!-- Generated by org.testng.reporters.JUnitReportReporter -->
<testsuite hostname="MacBook-Pro-Bogdan.local" name="home.pages.CreateFilesTests" tests="3" failures="0" timestamp="5 Apr 2015 21:47:05 GMT" time="0.008" errors="0">
  <testcase name="test3" time="0.001" classname="home.pages.CreateFilesTests"/>
  <testcase name="test2" time="0.001" classname="home.pages.CreateFilesTests"/>
  <testcase name="test1" time="0.006" classname="home.pages.CreateFilesTests"/>
</testsuite> <!-- home.pages.CreateFilesTests -->
