<?xml version="1.0" encoding="UTF-8"?>
<!-- Generated by org.testng.reporters.JUnitReportReporter -->
<testsuite hostname="MacBook-Pro-Bogdan.local" name="home.pages.FirstClass" tests="2" failures="0" timestamp="31 Mar 2015 20:37:23 GMT" time="0.011" errors="0">
  <testcase name="test2" time="0.001" classname="home.pages.FirstClass"/>
  <testcase name="test1" time="0.010" classname="home.pages.FirstClass"/>
</testsuite> <!-- home.pages.FirstClass -->
